<?xml version="1.0" encoding="UTF-8"?>
<!-- Generated by org.testng.reporters.JUnitReportReporter -->
<testsuite hostname="DESKTOP-10G1S0V" failures="0" tests="3" name="org.healthcare.CURAHealthCare.CuraHealthCareServiceTest" time="37.860" errors="0" timestamp="10 Jun 2024 16:47:52 GMT" skipped="0">
  <testcase classname="org.healthcare.CURAHealthCare.CuraHealthCareServiceTest" name="EndToEndTest" time="17.342"/>
  <testcase classname="org.healthcare.CURAHealthCare.CuraHealthCareServiceTest" name="verifyHomepage" time="8.019"/>
  <testcase classname="org.healthcare.CURAHealthCare.CuraHealthCareServiceTest" name="checkProfile" time="12.499"/>
</testsuite> <!-- org.healthcare.CURAHealthCare.CuraHealthCareServiceTest -->
