<?xml version="1.0" encoding="UTF-8"?>
<!-- Generated by org.testng.reporters.JUnitReportReporter -->
<testsuite hostname="DESKTOP-10G1S0V" failures="0" tests="3" name="org.healthcare.CURAHealthCare.CuraHealthCareServiceTest" time="32.855" errors="0" timestamp="13 Jun 2024 15:11:28 GMT" skipped="0">
  <testcase classname="org.healthcare.CURAHealthCare.CuraHealthCareServiceTest" name="verifyHomepage" time="8.227"/>
  <testcase classname="org.healthcare.CURAHealthCare.CuraHealthCareServiceTest" name="checkProfile" time="11.279"/>
  <testcase classname="org.healthcare.CURAHealthCare.CuraHealthCareServiceTest" name="EndToEndTest" time="13.349"/>
</testsuite> <!-- org.healthcare.CURAHealthCare.CuraHealthCareServiceTest -->
