<?xml version="1.0" encoding="UTF-8"?>
<!-- Generated by org.testng.reporters.JUnitReportReporter -->
<testsuite hostname="DESKTOP-10G1S0V" failures="0" tests="2" name="org.healthcare.CURAHealthCare.ErrorValidation" time="24.422" errors="0" timestamp="13 Jun 2024 15:11:28 GMT" skipped="0">
  <testcase classname="org.healthcare.CURAHealthCare.ErrorValidation" name="invalidDateField" time="9.781"/>
  <testcase classname="org.healthcare.CURAHealthCare.ErrorValidation" name="verifyLoginError" time="14.641"/>
</testsuite> <!-- org.healthcare.CURAHealthCare.ErrorValidation -->
